<?xml version="1.0" encoding="UTF-8"?>
<!-- Generated by org.testng.reporters.JUnitReportReporter -->
<testsuite hostname="MyLaptop" failures="0" tests="2" name="com.dreamportal.DreamPortalHome" time="5.755" errors="0" timestamp="2025-06-16T12:26:08 IST" skipped="0">
  <testcase classname="com.dreamportal.DreamPortalHome" name="verifyingTheDreamPortalHomePage" time="4.061"/>
  <testcase classname="com.dreamportal.DreamPortalHome" name="verifyingTheButtonMyDreams" time="1.694"/>
</testsuite> <!-- com.dreamportal.DreamPortalHome -->
