<?xml version="1.0" encoding="UTF-8"?>
<!-- Generated by org.testng.reporters.JUnitReportReporter -->
<testsuite hostname="MyLaptop" failures="0" tests="2" name="com.dreamportal.DreamPortalHome" time="4.816" errors="0" timestamp="2025-06-16T17:49:51 IST" skipped="0">
  <testcase classname="com.dreamportal.DreamPortalHome" name="verifyingTheDreamPortalHomePage" time="4.110"/>
  <testcase classname="com.dreamportal.DreamPortalHome" name="verifyingTheButtonMyDreams" time="0.706"/>
</testsuite> <!-- com.dreamportal.DreamPortalHome -->
