<?xml version="1.0" encoding="UTF-8"?>
<!-- Generated by org.testng.reporters.JUnitReportReporter -->
<testsuite hostname="MyLaptop" failures="0" tests="1" name="com.dreamportal.DreamsTotal" time="0.856" errors="0" timestamp="2025-06-17T10:01:26 IST" skipped="0">
  <testcase classname="com.dreamportal.DreamsTotal" name="verifyGoodDreams" time="0.856"/>
</testsuite> <!-- com.dreamportal.DreamsTotal -->
