<?xml version="1.0" encoding="UTF-8"?>
<!-- Generated by org.testng.reporters.JUnitReportReporter -->
<testsuite hostname="MyLaptop" failures="0" tests="3" name="com.dreamportal.DreamsDiary" time="1.576" errors="0" timestamp="2025-06-16T18:44:52 IST" skipped="0">
  <testcase classname="com.dreamportal.DreamsDiary" name="validatingDreams" time="0.118"/>
  <testcase classname="com.dreamportal.DreamsDiary" name="validateOnlyGoodOrBad" time="0.435"/>
  <testcase classname="com.dreamportal.DreamsDiary" name="validatingTableContent" time="1.023"/>
</testsuite> <!-- com.dreamportal.DreamsDiary -->
